********************************************************************************
DUPLICATOR-LITE PACKAGE-LOG: 20 November 2020 10h00
NOTICE: Do NOT post to public sites or forums 
********************************************************************************
VERSION:	1.3.40
WORDPRESS:	5.5.3
PHP INFO:	7.3.22-(to be removed in future macOS) | SAPI: cli-server
SERVER:		PHP 7.3.22-(to be removed in future macOS) Development Server 
PHP TIME LIMIT: (0) no time limit imposed 
PHP MAX MEMORY: 4294967296 (128M default) 
MEMORY STACK: 40.5MB
[CTRL DUP ARCIVE] PACKAGE AS NEW ID 2 SAVED | STATUS:0
[DUP ARCHIVE] BUILDING DATABASE

********************************************************************************
DATABASE:
********************************************************************************
BUILD MODE:   PHP(query limit - 100)
MYSQLTIMEOUT: 5000
MYSQLDUMP:    Not Supported
TABLES: total:13 | filtered:0 | create:13
FILTERED: []
SQL CREATED: 20201118_brigadefantome_33638b5944b30b196101_20201120095852_database.sql
SQL FILE SIZE: 789.38KB (808322)
SQL FILE TIME: 2020-11-20 10:01:01
SQL RUNTIME: 4.60 sec.
[DUP ARCHIVE] VALIDATING DATABASE
[DUP ARCHIVE] DONE DATABASE

********************************************************************************
ARCHIVE Type=DUP Mode=DupArchive
********************************************************************************
ARCHIVE DIR:  /Users/jojo/Documents/MMI/Projet web/dev/brigade
ARCHIVE FILE: 20201118_brigadefantome_33638b5944b30b196101_20201120095852_archive.daf
FILTERS: *OFF*
DIRS:
	not set
FILES:
	not set
EXTS:  not set
----------------------------------------
COMPRESSING
SIZE:	121.02MB
STATS:	Dirs 530 | Files 3,372 | Total 3,902
[DUP ARCHIVE] DONE ARCHIVE
building installer
add_extra_files1
add_extra_files2
add_extra_files3
add_extra_files4
Doing archive file check
add_extra_files5
add_extra_files6
add_extra_files7
add_extra_files_using_da1
Adding enhanced installer files to archive using DupArchive
[DUP ARCHIVE] DONE ARCHIVE
COMPRESSED SIZE: 69.66MB
ARCHIVE RUNTIME: 21.84 sec.
MEMORY STACK: 14.5MB
CREATE WARNINGS: No warnings.
VALIDATION WARNINGS: No warnings.
[DUP ARCHIVE] DONE ARCHIVE
[DUP ARCHIVE] HAS COMPLETED CLOSING
[DUP ARCHIVE] DUP ARCHIVE INTEGRITY CHECK

********************************************************************************
INTEGRITY CHECKS:
********************************************************************************
SQL FILE: 789.38KB
INSTALLER FILE: 75.19KB
ARCHIVE FILE: 69.66MB 
EXPECTED FILE/DIRECTORY COUNT: 4,084
ACTUAL FILE/DIRECTORY COUNT: 4,084

********************************************************************************
RECORD ID:[2]
TOTAL PROCESS RUNTIME: 22.20 sec.
PEAK PHP MEMORY USED: 18.5MB
DONE PROCESSING => 20201118_brigadefantome 2020-11-20 10:01:19

