********************************************************************************
DUPLICATOR-LITE PACKAGE-LOG: 18 November 2020 15h12
NOTICE: Do NOT post to public sites or forums 
********************************************************************************
VERSION:	1.3.40
WORDPRESS:	5.5.3
PHP INFO:	7.3.22-(to be removed in future macOS) | SAPI: cli-server
SERVER:		PHP 7.3.22-(to be removed in future macOS) Development Server 
PHP TIME LIMIT: (0) no time limit imposed 
PHP MAX MEMORY: 4294967296 (128M default) 
MEMORY STACK: 38.5MB
[CTRL DUP ARCIVE] PACKAGE AS NEW ID 1 SAVED | STATUS:0
[DUP ARCHIVE] BUILDING DATABASE

********************************************************************************
DATABASE:
********************************************************************************
BUILD MODE:   PHP(query limit - 100)
MYSQLTIMEOUT: 5000
MYSQLDUMP:    Not Supported
TABLES: total:13 | filtered:0 | create:13
FILTERED: []
SQL CREATED: 20201118_brigadefantome_1f45470c1c47f90f7363_20201118151147_database.sql
SQL FILE SIZE: 672.55KB (688688)
SQL FILE TIME: 2020-11-18 15:12:13
SQL RUNTIME: 8.38 sec.
[DUP ARCHIVE] VALIDATING DATABASE
[DUP ARCHIVE] DONE DATABASE

********************************************************************************
ARCHIVE Type=DUP Mode=DupArchive
********************************************************************************
ARCHIVE DIR:  /Users/jojo/Documents/MMI/Projet web/dev/brigade
ARCHIVE FILE: 20201118_brigadefantome_1f45470c1c47f90f7363_20201118151147_archive.daf
FILTERS: *OFF*
DIRS:
	not set
FILES:
	not set
EXTS:  not set
----------------------------------------
COMPRESSING
SIZE:	113.72MB
STATS:	Dirs 506 | Files 3,217 | Total 3,723
[DUP ARCHIVE] DONE ARCHIVE
building installer
add_extra_files1
add_extra_files2
add_extra_files3
add_extra_files4
Doing archive file check
add_extra_files5
add_extra_files6
add_extra_files7
add_extra_files_using_da1
Adding enhanced installer files to archive using DupArchive
[DUP ARCHIVE] DONE ARCHIVE
COMPRESSED SIZE: 62.85MB
ARCHIVE RUNTIME: 39.78 sec.
MEMORY STACK: 14.5MB
CREATE WARNINGS: No warnings.
VALIDATION WARNINGS: No warnings.
[DUP ARCHIVE] DONE ARCHIVE
[DUP ARCHIVE] HAS COMPLETED CLOSING
[DUP ARCHIVE] DUP ARCHIVE INTEGRITY CHECK

********************************************************************************
INTEGRITY CHECKS:
********************************************************************************
SQL FILE: 672.55KB
INSTALLER FILE: 75.19KB
ARCHIVE FILE: 62.85MB 
EXPECTED FILE/DIRECTORY COUNT: 3,905
ACTUAL FILE/DIRECTORY COUNT: 3,905

********************************************************************************
RECORD ID:[1]
TOTAL PROCESS RUNTIME: 40.46 sec.
PEAK PHP MEMORY USED: 18.5MB
DONE PROCESSING => 20201118_brigadefantome 2020-11-18 15:12:45

